log4j:WARN No such property [datePattern] in org.apache.log4j.FileAppender.
log4j:WARN No such property [datePattern] in org.apache.log4j.FileAppender.
[21:00:18]  INFO ============================================================================
[21:00:18]  INFO Nazev: .................................................................... GAME SERVER
[21:00:18]  INFO Revize projektu: . ........................................................ Lineage ][ Minius
[21:00:18]  INFO Aktualizace: ............................................................. High Five: Part 5
[21:00:18]  INFO Cislo revize:....................................................... 2.0
[21:00:18]  INFO Revize sestaveni: ........................................................ Minius V2024
[21:00:18]  INFO Datum vystavby: ............................................................. 2024.11.21 20:52
[21:00:18]  INFO Verze kompilatoru: ........................................................ 17.0.11+7-LTS-207 (Oracle Corporation)
[21:00:18]  INFO Vytvoreno: .................................................................... MiniusStudio
[21:00:18]  INFO Developeri: .................................................................... Diabolos
[21:00:18]  INFO ============================================================================
[21:00:18]  INFO Loaded 6 trade words.
[21:00:18]  INFO Abuse: Loaded 15 abuse words.
[21:00:18]  INFO Loaded 313 Configs!
[21:00:18]  INFO EXTERNI IP =============================46.36.39.157
[21:00:18]  INFO INTERNI IP =============================46.36.39.157
[21:00:18]  INFO Maximalni pocet hracu ====================== 3000
[21:00:18]  INFO Cas restartu  =======================45 5 * * *
[21:00:18]  INFO ---------------------------------------------=[ Nacitani konfigurace ochrany ]
[21:00:18]  INFO IdFactory: Clear characters online status.
[21:00:19]  INFO IdFactory: Cleaned 0 elements from database in 0sec.
[21:00:19]  INFO IdFactory: Extracted 8 used id's from characters
[21:00:19]  INFO IdFactory: Extracted 320 used id's from items
[21:00:19]  INFO IdFactory: Extracted 2 used id's from clan_data
[21:00:19]  INFO IdFactory: Extracted 1 used id's from ally_data
[21:00:19]  INFO IdFactory: Extracted total 331 used id's.
[21:00:19]  INFO IdFactory: 205824 id's available.
[21:00:19]  INFO ===============[Loading Scripts]==================
[21:00:19]  INFO Scripts: Loading...
[21:00:19]  INFO Loading Server Scripts
[21:00:19]  INFO Scripts: Loaded 1303 classes.
[21:00:19]  INFO GeoEngine: Loading Geodata...
[21:00:19]  INFO GeoEngine: Loading: geodata/11_23.l2j
[21:00:19]  INFO GeoEngine: Loading: geodata/11_24.l2j
[21:00:19]  INFO GeoEngine: Loading: geodata/11_25.l2j
[21:00:19]  INFO GeoEngine: Loading: geodata/11_26.l2j
[21:00:19]  INFO GeoEngine: Loading: geodata/12_23.l2j
[21:00:19]  INFO GeoEngine: Loading: geodata/12_24.l2j
[21:00:19]  INFO GeoEngine: Loading: geodata/12_25.l2j
[21:00:19]  INFO GeoEngine: Loading: geodata/12_26.l2j
[21:00:19]  INFO GeoEngine: Loading: geodata/13_21.l2j
[21:00:19]  INFO GeoEngine: Loading: geodata/13_22.l2j
[21:00:19]  INFO GeoEngine: Loading: geodata/13_23.l2j
[21:00:19]  INFO GeoEngine: Loading: geodata/13_24.l2j
[21:00:19]  INFO GeoEngine: Loading: geodata/13_25.l2j
[21:00:19]  INFO GeoEngine: Loading: geodata/13_26.l2j
[21:00:19]  INFO GeoEngine: Loading: geodata/14_21.l2j
[21:00:19]  INFO GeoEngine: Loading: geodata/14_22.l2j
[21:00:19]  INFO GeoEngine: Loading: geodata/14_23.l2j
[21:00:19]  INFO GeoEngine: Loading: geodata/14_24.l2j
[21:00:19]  INFO GeoEngine: Loading: geodata/14_25.l2j
[21:00:19]  INFO GeoEngine: Loading: geodata/14_26.l2j
[21:00:19]  INFO GeoEngine: Loading: geodata/15_10.l2j
[21:00:19]  INFO GeoEngine: Loading: geodata/15_11.l2j
[21:00:19]  INFO GeoEngine: Loading: geodata/15_12.l2j
[21:00:19]  INFO GeoEngine: Loading: geodata/15_18.l2j
[21:00:19]  INFO GeoEngine: Loading: geodata/15_19.l2j
[21:00:19]  INFO GeoEngine: Loading: geodata/15_20.l2j
[21:00:19]  INFO GeoEngine: Loading: geodata/15_21.l2j
[21:00:19]  INFO GeoEngine: Loading: geodata/15_22.l2j
[21:00:19]  INFO GeoEngine: Loading: geodata/15_23.l2j
[21:00:19]  INFO GeoEngine: Loading: geodata/15_24.l2j
[21:00:19]  INFO GeoEngine: Loading: geodata/15_25.l2j
[21:00:19]  INFO GeoEngine: Loading: geodata/15_26.l2j
[21:00:19]  INFO GeoEngine: Loading: geodata/16_10.l2j
[21:00:19]  INFO GeoEngine: Loading: geodata/16_11.l2j
[21:00:19]  INFO GeoEngine: Loading: geodata/16_12.l2j
[21:00:19]  INFO GeoEngine: Loading: geodata/16_13.l2j
[21:00:19]  INFO GeoEngine: Loading: geodata/16_14.l2j
[21:00:19]  INFO GeoEngine: Loading: geodata/16_15.l2j
[21:00:19]  INFO GeoEngine: Loading: geodata/16_16.l2j
[21:00:20]  INFO GeoEngine: Loading: geodata/16_17.l2j
[21:00:20]  INFO GeoEngine: Loading: geodata/16_18.l2j
[21:00:20]  INFO GeoEngine: Loading: geodata/16_19.l2j
[21:00:20]  INFO GeoEngine: Loading: geodata/16_20.l2j
[21:00:20]  INFO GeoEngine: Loading: geodata/16_21.l2j
[21:00:20]  INFO GeoEngine: Loading: geodata/16_22.l2j
[21:00:20]  INFO GeoEngine: Loading: geodata/16_23.l2j
[21:00:20]  INFO GeoEngine: Loading: geodata/16_24.l2j
[21:00:20]  INFO GeoEngine: Loading: geodata/16_25.l2j
[21:00:20]  INFO GeoEngine: Loading: geodata/16_26.l2j
[21:00:20]  INFO GeoEngine: Loading: geodata/17_10.l2j
[21:00:20]  INFO GeoEngine: Loading: geodata/17_11.l2j
[21:00:20]  INFO GeoEngine: Loading: geodata/17_12.l2j
[21:00:20]  INFO GeoEngine: Loading: geodata/17_13.l2j
[21:00:20]  INFO GeoEngine: Loading: geodata/17_14.l2j
[21:00:20]  INFO GeoEngine: Loading: geodata/17_15.l2j
[21:00:20]  INFO GeoEngine: Loading: geodata/17_16.l2j
[21:00:20]  INFO GeoEngine: Loading: geodata/17_17.l2j
[21:00:20]  INFO GeoEngine: Loading: geodata/17_18.l2j
[21:00:20]  INFO GeoEngine: Loading: geodata/17_19.l2j
[21:00:20]  INFO GeoEngine: Loading: geodata/17_20.l2j
[21:00:20]  INFO GeoEngine: Loading: geodata/17_21.l2j
[21:00:20]  INFO GeoEngine: Loading: geodata/17_22.l2j
[21:00:20]  INFO GeoEngine: Loading: geodata/17_23.l2j
[21:00:20]  INFO GeoEngine: Loading: geodata/17_24.l2j
[21:00:20]  INFO GeoEngine: Loading: geodata/17_25.l2j
[21:00:20]  INFO GeoEngine: Loading: geodata/17_26.l2j
[21:00:20]  INFO GeoEngine: Loading: geodata/18_10.l2j
[21:00:20]  INFO GeoEngine: Loading: geodata/18_11.l2j
[21:00:20]  INFO GeoEngine: Loading: geodata/18_12.l2j
[21:00:20]  INFO GeoEngine: Loading: geodata/18_13.l2j
[21:00:20]  INFO GeoEngine: Loading: geodata/18_14.l2j
[21:00:20]  INFO GeoEngine: Loading: geodata/18_15.l2j
[21:00:20]  INFO GeoEngine: Loading: geodata/18_16.l2j
[21:00:20]  INFO GeoEngine: Loading: geodata/18_17.l2j
[21:00:20]  INFO GeoEngine: Loading: geodata/18_18.l2j
[21:00:20]  INFO GeoEngine: Loading: geodata/18_19.l2j
[21:00:20]  INFO GeoEngine: Loading: geodata/18_20.l2j
[21:00:20]  INFO GeoEngine: Loading: geodata/18_21.l2j
[21:00:20]  INFO GeoEngine: Loading: geodata/18_22.l2j
[21:00:20]  INFO GeoEngine: Loading: geodata/18_23.l2j
[21:00:20]  INFO GeoEngine: Loading: geodata/18_24.l2j
[21:00:20]  INFO GeoEngine: Loading: geodata/18_25.l2j
[21:00:20]  INFO GeoEngine: Loading: geodata/18_26.l2j
[21:00:20]  INFO GeoEngine: Loading: geodata/19_10.l2j
[21:00:20]  INFO GeoEngine: Loading: geodata/19_11.l2j
[21:00:20]  INFO GeoEngine: Loading: geodata/19_12.l2j
[21:00:20]  INFO GeoEngine: Loading: geodata/19_13.l2j
[21:00:20]  INFO GeoEngine: Loading: geodata/19_14.l2j
[21:00:20]  INFO GeoEngine: Loading: geodata/19_15.l2j
[21:00:20]  INFO GeoEngine: Loading: geodata/19_16.l2j
[21:00:20]  INFO GeoEngine: Loading: geodata/19_17.l2j
[21:00:20]  INFO GeoEngine: Loading: geodata/19_18.l2j
[21:00:20]  INFO GeoEngine: Loading: geodata/19_19.l2j
[21:00:20]  INFO GeoEngine: Loading: geodata/19_20.l2j
[21:00:20]  INFO GeoEngine: Loading: geodata/19_21.l2j
[21:00:20]  INFO GeoEngine: Loading: geodata/19_22.l2j
[21:00:20]  INFO GeoEngine: Loading: geodata/19_23.l2j
[21:00:20]  INFO GeoEngine: Loading: geodata/19_24.l2j
[21:00:20]  INFO GeoEngine: Loading: geodata/19_25.l2j
[21:00:20]  INFO GeoEngine: Loading: geodata/19_26.l2j
[21:00:20]  INFO GeoEngine: Loading: geodata/20_10.l2j
[21:00:20]  INFO GeoEngine: Loading: geodata/20_11.l2j
[21:00:20]  INFO GeoEngine: Loading: geodata/20_12.l2j
[21:00:20]  INFO GeoEngine: Loading: geodata/20_13.l2j
[21:00:20]  INFO GeoEngine: Loading: geodata/20_14.l2j
[21:00:20]  INFO GeoEngine: Loading: geodata/20_15.l2j
[21:00:20]  INFO GeoEngine: Loading: geodata/20_16.l2j
[21:00:20]  INFO GeoEngine: Loading: geodata/20_17.l2j
[21:00:20]  INFO GeoEngine: Loading: geodata/20_18.l2j
[21:00:20]  INFO GeoEngine: Loading: geodata/20_19.l2j
[21:00:20]  INFO GeoEngine: Loading: geodata/20_20.l2j
[21:00:20]  INFO GeoEngine: Loading: geodata/20_21.l2j
[21:00:20]  INFO GeoEngine: Loading: geodata/20_22.l2j
[21:00:20]  INFO GeoEngine: Loading: geodata/20_23.l2j
[21:00:20]  INFO GeoEngine: Loading: geodata/20_24.l2j
[21:00:20]  INFO GeoEngine: Loading: geodata/20_25.l2j
[21:00:20]  INFO GeoEngine: Loading: geodata/20_26.l2j
[21:00:20]  INFO GeoEngine: Loading: geodata/21_10.l2j
[21:00:20]  INFO GeoEngine: Loading: geodata/21_11.l2j
[21:00:20]  INFO GeoEngine: Loading: geodata/21_12.l2j
[21:00:20]  INFO GeoEngine: Loading: geodata/21_13.l2j
[21:00:20]  INFO GeoEngine: Loading: geodata/21_14.l2j
[21:00:20]  INFO GeoEngine: Loading: geodata/21_15.l2j
[21:00:20]  INFO GeoEngine: Loading: geodata/21_16.l2j
[21:00:20]  INFO GeoEngine: Loading: geodata/21_17.l2j
[21:00:20]  INFO GeoEngine: Loading: geodata/21_18.l2j
[21:00:20]  INFO GeoEngine: Loading: geodata/21_19.l2j
[21:00:20]  INFO GeoEngine: Loading: geodata/21_20.l2j
[21:00:20]  INFO GeoEngine: Loading: geodata/21_21.l2j
[21:00:20]  INFO GeoEngine: Loading: geodata/21_22.l2j
[21:00:20]  INFO GeoEngine: Loading: geodata/21_23.l2j
[21:00:20]  INFO GeoEngine: Loading: geodata/21_24.l2j
[21:00:20]  INFO GeoEngine: Loading: geodata/21_25.l2j
[21:00:20]  INFO GeoEngine: Loading: geodata/22_10.l2j
[21:00:20]  INFO GeoEngine: Loading: geodata/22_11.l2j
[21:00:20]  INFO GeoEngine: Loading: geodata/22_12.l2j
[21:00:20]  INFO GeoEngine: Loading: geodata/22_13.l2j
[21:00:20]  INFO GeoEngine: Loading: geodata/22_14.l2j
[21:00:20]  INFO GeoEngine: Loading: geodata/22_15.l2j
[21:00:20]  INFO GeoEngine: Loading: geodata/22_16.l2j
[21:00:20]  INFO GeoEngine: Loading: geodata/22_17.l2j
[21:00:20]  INFO GeoEngine: Loading: geodata/22_18.l2j
[21:00:20]  INFO GeoEngine: Loading: geodata/22_19.l2j
[21:00:20]  INFO GeoEngine: Loading: geodata/22_20.l2j
[21:00:20]  INFO GeoEngine: Loading: geodata/22_21.l2j
[21:00:20]  INFO GeoEngine: Loading: geodata/22_22.l2j
[21:00:20]  INFO GeoEngine: Loading: geodata/22_23.l2j
[21:00:20]  INFO GeoEngine: Loading: geodata/22_24.l2j
[21:00:20]  INFO GeoEngine: Loading: geodata/22_25.l2j
[21:00:20]  INFO GeoEngine: Loading: geodata/22_26.l2j
[21:00:20]  INFO GeoEngine: Loading: geodata/23_10.l2j
[21:00:20]  INFO GeoEngine: Loading: geodata/23_11.l2j
[21:00:20]  INFO GeoEngine: Loading: geodata/23_12.l2j
[21:00:20]  INFO GeoEngine: Loading: geodata/23_13.l2j
[21:00:20]  INFO GeoEngine: Loading: geodata/23_14.l2j
[21:00:20]  INFO GeoEngine: Loading: geodata/23_15.l2j
[21:00:20]  INFO GeoEngine: Loading: geodata/23_16.l2j
[21:00:20]  INFO GeoEngine: Loading: geodata/23_17.l2j
[21:00:20]  INFO GeoEngine: Loading: geodata/23_18.l2j
[21:00:20]  INFO GeoEngine: Loading: geodata/23_19.l2j
[21:00:20]  INFO GeoEngine: Loading: geodata/23_20.l2j
[21:00:20]  INFO GeoEngine: Loading: geodata/23_21.l2j
[21:00:20]  INFO GeoEngine: Loading: geodata/23_22.l2j
[21:00:20]  INFO GeoEngine: Loading: geodata/23_23.l2j
[21:00:20]  INFO GeoEngine: Loading: geodata/23_24.l2j
[21:00:20]  INFO GeoEngine: Loading: geodata/23_25.l2j
[21:00:20]  INFO GeoEngine: Loading: geodata/23_26.l2j
[21:00:20]  INFO GeoEngine: Loading: geodata/24_10.l2j
[21:00:20]  INFO GeoEngine: Loading: geodata/24_11.l2j
[21:00:20]  INFO GeoEngine: Loading: geodata/24_12.l2j
[21:00:20]  INFO GeoEngine: Loading: geodata/24_13.l2j
[21:00:20]  INFO GeoEngine: Loading: geodata/24_14.l2j
[21:00:20]  INFO GeoEngine: Loading: geodata/24_15.l2j
[21:00:20]  INFO GeoEngine: Loading: geodata/24_16.l2j
[21:00:20]  INFO GeoEngine: Loading: geodata/24_17.l2j
[21:00:20]  INFO GeoEngine: Loading: geodata/24_18.l2j
[21:00:20]  INFO GeoEngine: Loading: geodata/24_19.l2j
[21:00:20]  INFO GeoEngine: Loading: geodata/24_20.l2j
[21:00:20]  INFO GeoEngine: Loading: geodata/24_21.l2j
[21:00:20]  INFO GeoEngine: Loading: geodata/24_22.l2j
[21:00:20]  INFO GeoEngine: Loading: geodata/24_23.l2j
[21:00:20]  INFO GeoEngine: Loading: geodata/24_24.l2j
[21:00:20]  INFO GeoEngine: Loading: geodata/24_25.l2j
[21:00:20]  INFO GeoEngine: Loading: geodata/24_26.l2j
[21:00:20]  INFO GeoEngine: Loading: geodata/25_10.l2j
[21:00:20]  INFO GeoEngine: Loading: geodata/25_11.l2j
[21:00:20]  INFO GeoEngine: Loading: geodata/25_12.l2j
[21:00:20]  INFO GeoEngine: Loading: geodata/25_14.l2j
[21:00:20]  INFO GeoEngine: Loading: geodata/25_15.l2j
[21:00:20]  INFO GeoEngine: Loading: geodata/25_16.l2j
[21:00:20]  INFO GeoEngine: Loading: geodata/25_17.l2j
[21:00:20]  INFO GeoEngine: Loading: geodata/25_18.l2j
[21:00:20]  INFO GeoEngine: Loading: geodata/25_19.l2j
[21:00:20]  INFO GeoEngine: Loading: geodata/25_20.l2j
[21:00:20]  INFO GeoEngine: Loading: geodata/25_21.l2j
[21:00:20]  INFO GeoEngine: Loading: geodata/25_22.l2j
[21:00:20]  INFO GeoEngine: Loading: geodata/25_23.l2j
[21:00:20]  INFO GeoEngine: Loading: geodata/25_24.l2j
[21:00:20]  INFO GeoEngine: Loading: geodata/26_11.l2j
[21:00:20]  INFO GeoEngine: Loading: geodata/26_12.l2j
[21:00:20]  INFO GeoEngine: Loading: geodata/26_14.l2j
[21:00:20]  INFO GeoEngine: Loading: geodata/26_15.l2j
[21:00:20]  INFO GeoEngine: Loading: geodata/26_16.l2j
[21:00:20]  INFO GeoEngine: Loaded 203 map(s), max layers: 21
[21:00:20]  INFO Loaded: Vote System - Individual Reward.
[21:00:20]  INFO -----------------------------------------------------------=[ Twitch Manager ]
[21:00:20]  INFO -------------------------------------------------------------=[ Vote Manager ]
[21:00:20]  INFO ----------------------------------------------------------=[ AntiFeedManager ]
[21:00:20]  INFO -------------------------------------------------------------=[ QuestManager ]
[21:00:20]  INFO QuestManager : loaded 0 quest's
[21:00:20]  INFO FakePlayersTable: Loaded 32002 Fake Players.
[21:00:20]  INFO Loaded 418 translit entries.
[21:00:20]  INFO GameTimeController: initialized. Current time is 12:02 in the day.
[21:00:20]  INFO ------------------------------------------------------------=[ Lineage World ]
[21:00:20]  INFO L2World: Creating regions: [256][272][32].
[21:00:20]  INFO ==============================================================================
[21:00:20]  INFO HtmCache: disabled.
[21:00:20]  INFO StringHolder: load strings: 1066 for lang: ENGLISH
[21:00:20]  INFO StringHolder: load strings: 876 for lang: RUSSIAN
[21:00:23]  INFO SkillsEngine: Loaded 66122 skill templates from XML files. Max id: 980001, max level: 259
[21:00:23]  INFO OptionDataHolder: loaded 24975 option data(s) count.
[21:00:24]  INFO ItemHolder: loaded 19836 item(s) count.
[21:00:24]  INFO FakePlayerNpcsHolder: loaded 14 fake player npcs(s) count.
[21:00:26]  WARN NpcParser: Problems with rewardlist for npc: 35711; type: RATED_GROUPED
[21:00:26]  WARN NpcParser: Problems with rewardlist for npc: 35780; type: RATED_GROUPED
[21:00:26]  WARN NpcParser: Problems with rewardlist for npc: 35880; type: RATED_GROUPED
[21:00:26]  WARN NpcParser: Problems with rewardlist for npc: 35949; type: RATED_GROUPED
[21:00:26]  WARN NpcParser: Problems with rewardlist for npc: 35987; type: RATED_GROUPED
[21:00:26]  WARN NpcParser: Problems with rewardlist for npc: 36056; type: RATED_GROUPED
[21:00:26]  WARN NpcParser: Problems with rewardlist for npc: 36094; type: RATED_GROUPED
[21:00:26]  WARN NpcParser: Problems with rewardlist for npc: 36194; type: RATED_GROUPED
[21:00:26]  WARN NpcParser: Problems with rewardlist for npc: 36232; type: RATED_GROUPED
[21:00:26]  WARN NpcParser: Problems with rewardlist for npc: 36270; type: RATED_GROUPED
[21:00:26]  WARN NpcParser: Problems with rewardlist for npc: 36339; type: RATED_GROUPED
[21:00:26]  WARN NpcParser: Problems with rewardlist for npc: 36377; type: RATED_GROUPED
[21:00:26] ERROR Not found type class for type: BossRespawn. NpcId: 37026
[21:00:26] ERROR Not found type class for type: MiniusBossGatekeeper. NpcId: 99101
[21:00:26]  INFO NpcHolder: loaded 10530 npc(s) count.
[21:00:26]  INFO MapRegionManager: loaded 272 map region manager(s) count.
[21:00:26]  INFO MapRegionManager: loaded 272 map region manager(s) count.
[21:00:26]  INFO ExchangeItemHolder: loaded 602 exchange item(s) count.
[21:00:26]  INFO StaticObjectHolder: loaded 50 static object(s) count.
[21:00:26]  INFO DoorHolder: loaded 1155 door(s) count.
[21:00:26]  INFO ZoneHolder: loaded 1260 zone(s) count.
[21:00:26]  INFO SpawnHolder: loaded 28968 spawn(s) count.
[21:00:26]  INFO InstantZoneHolder: loaded 96 instant zone(s) count.
[21:00:27]  INFO AirshipDockHolder: loaded 4 airship dock(s) count.
[21:00:27]  INFO SkillAcquireHolder: load 57215 normal learns for 103 classes.
[21:00:27]  INFO SkillAcquireHolder: load 79 transfer learns for 3 classes.
[21:00:27]  INFO SkillAcquireHolder: load 120 transformation learns for 6 races.
[21:00:27]  INFO SkillAcquireHolder: load 662 fishing learns for 6 races.
[21:00:27]  INFO SkillAcquireHolder: load 72 certification learns.
[21:00:27]  INFO SkillAcquireHolder: load 3 collection learns.
[21:00:27]  INFO SkillAcquireHolder: load 51 pledge learns.
[21:00:27]  INFO SkillAcquireHolder: load 18 sub unit learns.
[21:00:27]  INFO CharTemplateHolder: loaded 206 char template(s) count.
[21:00:27]  INFO ResidenceHolder: total size: 83
[21:00:27]  INFO ResidenceHolder:  - load 44 clanhall(s).
[21:00:27]  INFO ResidenceHolder:  - load 9 dominion(s).
[21:00:27]  INFO ResidenceHolder:  - load 9 castle(s).
[21:00:27]  INFO ResidenceHolder:  - load 21 fortress(s).
[21:00:27]  INFO RaidBossSpawnManager: Loaded 195 Statuses
[21:00:27]  INFO SevenSigns: Currently in the Competition (Quest Event) period!
[21:00:27]  INFO SevenSigns: The Seal of Avarice remains unclaimed.
[21:00:27]  INFO SevenSigns: The Seal of Gnosis remains unclaimed.
[21:00:27]  INFO SevenSigns: The Seal of Strife remains unclaimed.
[21:00:27]  INFO SevenSigns: The Competition this week, if the trend continue, will end with a tie.
[21:00:27]  INFO SevenSigns: Next period begins in 3 days, 20 hours and 59 mins.
[21:00:27]  INFO EventHolder: loaded 105 event(s) count.
[21:00:27]  INFO FightClubMapHolder: loaded 42 fight club map(s) count.
[21:00:27]  INFO CubicHolder: loaded 145 cubic(s) count.
[21:00:27]  WARN ItemHolder: Not defined item id : 600100, or out of range!
java.lang.Exception
	at l2minius.gameserver.data.xml.holder.ItemHolder.getTemplate(ItemHolder.java:71)
	at l2minius.gameserver.data.xml.holder.BuyListHolder.<init>(BuyListHolder.java:125)
	at l2minius.gameserver.data.xml.holder.BuyListHolder.getInstance(BuyListHolder.java:36)
	at l2minius.gameserver.data.xml.Parsers.parseAll(Parsers.java:89)
	at l2minius.gameserver.GameServer.<init>(GameServer.java:327)
	at l2minius.gameserver.GameServer.main(GameServer.java:660)
[21:00:27]  WARN Template not found for itemId: 600100 for shop 7000008
[21:00:27]  WARN ItemHolder: Not defined item id : 700100, or out of range!
java.lang.Exception
	at l2minius.gameserver.data.xml.holder.ItemHolder.getTemplate(ItemHolder.java:71)
	at l2minius.gameserver.data.xml.holder.BuyListHolder.<init>(BuyListHolder.java:125)
	at l2minius.gameserver.data.xml.holder.BuyListHolder.getInstance(BuyListHolder.java:36)
	at l2minius.gameserver.data.xml.Parsers.parseAll(Parsers.java:89)
	at l2minius.gameserver.GameServer.<init>(GameServer.java:327)
	at l2minius.gameserver.GameServer.main(GameServer.java:660)
[21:00:27]  WARN Template not found for itemId: 700100 for shop 7000009
[21:00:27]  INFO TradeController: Loaded 4 file(s).
[21:00:27]  INFO TradeController: Loaded 25675 Items.
[21:00:27]  INFO TradeController: Loaded 750 Buylists.
[21:00:27]  INFO RecipeController: Loaded 1065 Recipes.
[21:00:28]  WARN MultiSell redefined: 9002
[21:00:28]  INFO ProductItemTable: Loaded 0 product item on sale.
[21:00:28]  INFO HennaHolder: loaded 180 henna(s) count.
[21:00:28]  INFO EnchantItemHolder: load 4 enchant scroll(s).
[21:00:28]  INFO SoulCrystalHolder: loaded 54 soul crystal(s) count.
[21:00:28]  INFO ArmorSetsHolder: loaded 241 armor sets(s) count.
[21:00:28]  INFO PetitionGroupHolder: loaded 3 petition group(s) count.
[21:00:28]  INFO DressArmorHolder: loaded 57 dress armor(s) count.
[21:00:28]  INFO DressCloakHolder: loaded 7 dress cloak(s) count.
[21:00:28]  INFO DressShieldHolder: loaded 10 dress shield(s) count.
[21:00:28]  INFO DressWeaponHolder: loaded 401 dress weapon(s) count.
[21:00:28]  INFO AugmentationDataHolder: loaded 1022 augmentation data(s) count.
[21:00:28]  INFO PremiumHolder: loaded 6 premium(s) count.
[21:00:28]  INFO FoundationHolder: loaded 268 foundation(s) count.
[21:00:28]  INFO DonationHolder: loaded 192 donation(s) count.
[21:00:28]  INFO TournamentMapHolder: loaded 3 tournament map(s) count.
[21:00:28]  INFO FacebookCommentsHolder: loaded 2 facebook comments(s) count.
[21:00:28]  INFO -------------------------------------------------------------=[ Banned HWIDS ]
[21:00:28]  INFO black list (Hwid) loaded size: 0
[21:00:28]  INFO --------------------------------------------------------------=[ Clan Crests ]
[21:00:28]  INFO CrestCache: Loaded 2 crests
[21:00:28]  INFO -----------------------------------------------------------=[ Loading Images ]
[21:00:28]  INFO ImagesCache: Loading images...
[21:00:43] ERROR ImagesCache: Error while resizing metal_logo.png image.
[21:00:43]  INFO ImagesCache: Loaded 8733 images
[21:00:43]  INFO ==============================================================================
[21:00:43]  INFO ---------------------------------------------------------------=[ Fish Table ]
[21:00:43]  INFO FishTable: Loaded 270 fishes.
[21:00:43]  INFO FishTable: Loaded 919 fish rewards.
[21:00:43]  INFO -------------------------------------------------------------------=[ Skills ]
[21:00:43]  INFO SkillTreeTable: Loaded 526 enchanted skills.
[21:00:43]  INFO EnchantNamesTable: Loaded: 1319 skill enchant names
[21:00:43]  INFO --------------------------------------------------------=[ Augmentation Data ]
[21:00:43]  INFO Initializing AugmentationData.
[21:00:43]  INFO AugmentationData: 10 bad skill(s) were skipped.
[21:00:43]  INFO AugmentationData: Loaded: 52 augmentation stats.
[21:00:43]  INFO AugmentationData: Loaded: 24 accessory augmentation stats.
[21:00:43]  INFO AugmentationData: Loaded: 17 blue, 106 purple and 54 red skills for lifeStoneLevel 0
[21:00:43]  INFO AugmentationData: Loaded: 17 blue, 106 purple and 54 red skills for lifeStoneLevel 1
[21:00:43]  INFO AugmentationData: Loaded: 17 blue, 106 purple and 54 red skills for lifeStoneLevel 2
[21:00:43]  INFO AugmentationData: Loaded: 17 blue, 106 purple and 54 red skills for lifeStoneLevel 3
[21:00:43]  INFO AugmentationData: Loaded: 17 blue, 106 purple and 54 red skills for lifeStoneLevel 4
[21:00:43]  INFO AugmentationData: Loaded: 17 blue, 106 purple and 54 red skills for lifeStoneLevel 5
[21:00:43]  INFO AugmentationData: Loaded: 17 blue, 106 purple and 54 red skills for lifeStoneLevel 6
[21:00:43]  INFO AugmentationData: Loaded: 17 blue, 106 purple and 54 red skills for lifeStoneLevel 7
[21:00:43]  INFO AugmentationData: Loaded: 17 blue, 106 purple and 54 red skills for lifeStoneLevel 8
[21:00:43]  INFO AugmentationData: Loaded: 17 blue, 106 purple and 54 red skills for lifeStoneLevel 9
[21:00:43]  INFO EnchantHPBonusTable: Loaded bonuses for 6 grades.
[21:00:43]  INFO -----------------------------------------------------------=[ Level Up Table ]
[21:00:43]  INFO LevelUpData: Loaded 103 Character Level Up Templates.
[21:00:43]  INFO PetSkillsTable: Loaded 2558 skills.
[21:00:43]  INFO ----------------------------------------------------------------=[ Item Logs ]
[21:00:43]  INFO ---------------------------------------------------------------=[ Auctioneer ]
[21:00:43]  INFO Initializing ItemAuctionManager
[21:00:43]  INFO ItemAuction: Loaded 37 item(s) and registered 17 auction(s) for instance 32320.
[21:00:43]  INFO ItemAuction: Schedule next auction 51 on 2024.11.26 18:00:00 for instance 32320
[21:00:43]  INFO ItemAuction: Loaded 37 item(s) and registered 17 auction(s) for instance 32321.
[21:00:43]  INFO ItemAuction: Schedule current auction 49 for instance 32321
[21:00:43]  INFO ItemAuction: Loaded 37 item(s) and registered 18 auction(s) for instance 32322.
[21:00:43]  INFO ItemAuction: Schedule next auction 50 on 2024.11.23 18:00:00 for instance 32322
[21:00:43]  INFO ItemAuctionManager: Loaded 3 instance(s).
[21:00:43]  INFO ------------------------------------------------------------=[ Masterio Pack ]
Nov 21, 2024 9:00:43 PM l2minius.gameserver.masteriopack.rankpvpsystem.RPSConfig load
INFO: > Initializing Rank PvP System (3.0):
Nov 21, 2024 9:00:43 PM l2minius.gameserver.masteriopack.rankpvpsystem.RPSConfig load
WARNING:  - Rank Pvp System Config initialization complete.
Nov 21, 2024 9:00:43 PM l2minius.gameserver.masteriopack.rankpvpsystem.PvpTable <init>
INFO:  - PvpTable: Data loaded. 0 objects in 1 ms.
Nov 21, 2024 9:00:43 PM l2minius.gameserver.masteriopack.rankpvpsystem.RPCTable <init>
INFO:  - RPCTable: Data loaded. 0 objects in 1 ms.
Nov 21, 2024 9:00:43 PM l2minius.gameserver.masteriopack.rankpvpsystem.RPCRewardTable <init>
INFO:  - RPCRewardTable: Data loaded. 10 objects in 1 ms.
Nov 21, 2024 9:00:43 PM l2minius.gameserver.masteriopack.rankpvpsystem.RewardTable <init>
INFO:  - RewardTable: Data loaded. 42 objects in 2 ms.
Nov 21, 2024 9:00:43 PM l2minius.gameserver.masteriopack.rankpvpsystem.TopTable restoreTopTable
INFO: Unknown column 'base_class' in 'field list'
Nov 21, 2024 9:00:43 PM l2minius.gameserver.masteriopack.rankpvpsystem.TopTable load
INFO:  - TopTable: Data Loaded. 0 killers and 0 gatherers in 2 ms.
Nov 21, 2024 9:00:43 PM l2minius.gameserver.masteriopack.rankpvpsystem.TopTable load
INFO:  - TopTable: Next update on 22.11.2024 at 3:00:00.
Nov 21, 2024 9:00:43 PM l2minius.gameserver.com.l2jserver.gameserver.masteriopack.imageconverter.DDSConverter convertToDDS
SEVERE: DDSConverter.NoFileOrNoPermission
Nov 21, 2024 9:00:43 PM l2minius.gameserver.com.l2jserver.gameserver.masteriopack.imageconverter.ServerSideImage load
INFO: DDSConverter.NoFileOrNoPermission
[21:00:43]  INFO ------------------------------------------------------=[ Merge System Loaded ]
[21:00:43]  INFO AntharasManager: State of Antharas is NOTSPAWN.
[21:00:43]  INFO AntharasManager: Next spawn date of Antharas is 01:00 01.01.1970.
[21:00:43]  INFO BaiumManager: State of Baium is NOTSPAWN.
[21:00:43]  INFO BaiumManager: Next spawn date: 21:07 22.09.2024
[21:00:43]  INFO Beleth Manager: Loaded successfully
[21:00:43]  INFO FourSepulchersManager: Loaded 20 Mysterious-Box spawns.
[21:00:43]  INFO FourSepulchersManager: loaded 716 physical monsters spawns.
[21:00:43]  INFO FourSepulchersManager: loaded 716 magical monsters spawns.
[21:00:43]  INFO FourSepulchersManager: loaded 92 Church of duke monsters spawns.
[21:00:43]  INFO FourSepulchersManager: loaded 68 Emperor's grave NPC spawns.
[21:00:43]  INFO FourSepulchersManager: Spawned Conquerors' Sepulcher Manager
[21:00:43]  INFO FourSepulchersManager: Spawned Emperors' Sepulcher Manager
[21:00:43]  INFO FourSepulchersManager: Spawned Great Sages' Sepulcher Manager
[21:00:43]  INFO FourSepulchersManager: Spawned Judges' Sepulcher Manager
[21:00:43]  INFO FourSepulchersManager: Beginning in Attack time
[21:00:43]  INFO SailrenManager: State of Sailren is NOTSPAWN.
[21:00:43]  INFO SailrenManager: Next spawn date of Sailren is 01:00 01.01.1970.
[21:00:43]  INFO ValakasManager: State of Valakas is NOTSPAWN.
[21:00:43]  INFO ValakasManager: Next spawn date of Valakas is 01:00 01.01.1970.
[21:00:43]  INFO Thu Nov 21 21:00:43 CET 2024 Atk announce scheduled to 0.0 minute of this hour.
[21:00:43]  INFO PetDataTable: Loaded 3870 pets.
[21:00:43]  INFO ManorManager: Loaded 270 seeds
[21:00:44]  INFO Loaded Service: ScripsConfig
[21:00:44]  INFO Loaded Service: SellPcService
[21:00:44]  INFO CommunityBoard: Manage Career service loaded.
[21:00:44]  INFO DailyQuestHandler: Loaded DailyQuests data
[21:00:44]  INFO CommunityBoard: Auction System Service loaded.
[21:00:44]  INFO CommunityBoard: Augmentation Manager loaded with 188 lifestone skills.
[21:00:44]  INFO CommunityBoard: service loaded.
[21:00:44]  INFO CommunityBoard: Academy service loaded.
[21:00:44]  INFO CommunityBoard: Bosses loaded.
[21:00:44]  INFO CommunityBoard: Clan service loaded.
[21:00:44]  INFO CommunityBoard: Drop Calculator service loaded.
[21:00:44]  INFO CommunityBoard: Community Events service loaded.
[21:00:44]  INFO CommunityBoard: Facebook Rewards page loaded.
[21:00:44]  INFO CommunityBoard: Npcs loaded.
[21:00:44]  INFO Ranking in the community board has been updated.
[21:00:44]  INFO CommunityBoard: Tournament loaded.
[21:00:44]  INFO CommunityBoard: Warehouse loaded.
[21:00:44]  INFO CommunityBoard: Forge loaded.
[21:00:44]  INFO ServicesCommunity: Services Community service loaded.
[21:00:44]  INFO ===============[Spawn Manager]==================
[21:00:44]  INFO SpawnManager: spawned 1000 npc for group: NONE
[21:00:44]  INFO Naia Tower Manager: Loaded 12 rooms
[21:00:44]  INFO SpawnManager: spawned 6000 npc for group: NONE
[21:00:45]  INFO SpawnManager: spawned 13000 npc for group: NONE
[21:00:45]  INFO SpawnManager: spawned 17000 npc for group: NONE
[21:00:46]  INFO SpawnManager: spawned 18000 npc for group: NONE
[21:00:46]  INFO SpawnManager: spawned 19000 npc for group: NONE
[21:00:46]  INFO SpawnManager: spawned 20000 npc for group: NONE
[21:00:46]  INFO SpawnManager: spawned 22000 npc for group: NONE
[21:00:46]  INFO SpawnManager: spawned 23000 npc for group: NONE
[21:00:47]  INFO SpawnManager: spawned 24000 npc for group: NONE
[21:00:47]  INFO SpawnManager: spawned 25000 npc for group: NONE
[21:00:47]  INFO SpawnManager: spawned 27000 npc for group: NONE
[21:00:48]  INFO SpawnManager: spawned 29000 npc for group: NONE
[21:00:48]  INFO SpawnManager: spawned 31000 npc for group: NONE
[21:00:49]  INFO SpawnManager: spawned 32000 npc for group: NONE
[21:00:49]  INFO SpawnManager: spawned 33000 npc for group: NONE
[21:00:49]  INFO SpawnManager: spawned 35000 npc for group: NONE
[21:00:50]  INFO SpawnManager: spawned 37000 npc for group: NONE
[21:00:50]  INFO SpawnManager: spawned 38392 npc; spawns: 17106; group: NONE
[21:00:50]  INFO --------------------------------------------------------------------=[ Boats ]
[21:00:50]  INFO BoatHolder: loaded 2 boat(s) count.
[21:00:50]  INFO BoatHolder: Spawning: RunePrimeval_Vehicle
[21:00:50]  INFO BoatHolder: Spawning: AdenGracia_Airship
[21:00:50]  INFO StaticObjectHolder: spawned: 50 static object(s).
[21:00:50]  INFO ---------------------------------------------------------=[ Dimensional Rift ]
[21:00:50]  INFO DimensionalRiftManager: Loaded 13 room types with 112 rooms.
[21:00:50]  INFO DimensionalRiftManager: Loaded 300 DimensionalRift spawns, 0 errors.
[21:00:50]  INFO --------------------------------------------------------------=[ Seven Signs ]
[21:00:50]  INFO AutoSpawnHandler: Loaded 50 handlers in total.
[21:00:50]  INFO ===================================================================
[21:00:50]  INFO ===================[Loading Olympiad System]=======================
[21:00:50]  INFO Olympiad System: Loading Olympiad System....
[21:00:50]  INFO Olympiad System: Currently in Olympiad Period
[21:00:50]  INFO Olympiad System: Period Ends....
[21:00:50]  INFO Olympiad System: In 1 days, 4 hours and 0 mins.
[21:00:50]  INFO Olympiad System: Next Weekly Change is in....
[21:00:50]  INFO Olympiad System: In 1 days, 16 hours and 0 mins.
[21:00:50]  INFO Olympiad System: Loaded 0 Noblesses
[21:00:50]  INFO Olympiad System: Competition Period Starts in 0 days, 0 hours and 0 mins.
[21:00:50]  INFO Olympiad System: Event starts/started: Thu Nov 21 18:00:50 CET 2024
[21:00:50]  INFO Hero System: Loaded 0 Heroes.
[21:00:50]  INFO Hero System: Loaded 1 all time Heroes.
[21:00:50]  INFO ===================[Olympiad System Loaded]=======================
[21:00:50]  INFO ===================================================================
[21:00:50]  INFO Initializing PetitionManager
[21:00:50]  INFO CursedWeaponsManager: Loaded 2 cursed weapon(s).
[21:00:50]  INFO ------------------------------------------=[ Loaded Small Achievement System ]
[21:00:50]  INFO Olympiad System: Olympiad Game Started
[21:00:50]  INFO --------------------------------------------------------------=[ ItemHandler ]
[21:00:50]  INFO ItemHandler: loaded 0 item handler(s) count.
[21:00:50]  INFO -----------------------------------------------------------=[ Admin Commands ]
[21:00:50]  INFO AdminCommandHandler: loaded 475 admin command handler(s) count.
[21:00:50]  INFO ---------------------------------------------------------=[ Players Commands ]
[21:00:50]  INFO UserCommandHandler: loaded 17 user command handler(s) count.
[21:00:50]  INFO VoicedCommandHandler: loaded 98 voiced command handler(s) count.
[21:00:50]  INFO ======================[Tournament By Kara`]==========================
[21:00:50]  INFO [TournamentHolder] Initialized 5 tournament holders:
[21:00:50]  INFO 1 vs 1
[21:00:50]  INFO 2 vs 2
[21:00:50]  INFO 4 vs 4
[21:00:50]  INFO 5 vs 5
[21:00:50]  INFO 6 vs 6
[21:00:50]  INFO ======================[Loading Castels & Clan Halls]==========================
[21:00:50]  INFO CastleSiegeEvent: Gludio Castle time - 16:00 24.11.2024
[21:00:50]  INFO CastleSiegeEvent: Dion Castle time - 16:00 24.11.2024
[21:00:50]  INFO CastleSiegeEvent: Giran Castle time - 20:00 24.11.2024
[21:00:50]  INFO CastleSiegeEvent: Oren Castle time - 20:00 24.11.2024
[21:00:50]  INFO CastleSiegeEvent: Aden Castle time - 16:00 24.11.2024
[21:00:50]  INFO CastleSiegeEvent: Innadril Castle time - 20:00 24.11.2024
[21:00:50]  INFO CastleSiegeEvent: Goddard Castle time - 20:00 24.11.2024
[21:00:50]  INFO CastleSiegeEvent: Rune Castle time - 16:00 24.11.2024
[21:00:50]  INFO CastleSiegeEvent: Schuttgart Castle time - 16:00 24.11.2024
[21:00:50]  INFO ClanHallNpcSiegeEvent: Fortress Of Resistance time - 17:00 25.11.2024
[21:00:50]  INFO ClanHallAuctionEvent: Moonstone Hall time - 12:00 16.11.2024
[21:00:50]  INFO ClanHallAuctionEvent: Onyx Hall time - 12:00 16.11.2024
[21:00:50]  INFO ClanHallAuctionEvent: Topaz Hall time - 12:00 16.11.2024
[21:00:50]  INFO ClanHallAuctionEvent: Ruby Hall time - 12:00 16.11.2024
[21:00:50]  INFO ClanHallAuctionEvent: Crystal Hall time - 12:00 16.11.2024
[21:00:50]  INFO ClanHallAuctionEvent: Onyx Hall time - 12:00 16.11.2024
[21:00:50]  INFO ClanHallAuctionEvent: Sapphire Hall time - 12:00 16.11.2024
[21:00:50]  INFO ClanHallAuctionEvent: Moonstone Hall time - 12:00 16.11.2024
[21:00:50]  INFO ClanHallAuctionEvent: Emerald Hall time - 12:00 16.11.2024
[21:00:50]  INFO ClanHallAuctionEvent: The Atramental Barracks time - 12:00 16.11.2024
[21:00:50]  INFO ClanHallAuctionEvent: The Scarlet Barracks time - 12:00 16.11.2024
[21:00:50]  INFO ClanHallAuctionEvent: The Viridian Barracks time - 12:00 16.11.2024
[21:00:50]  INFO ClanHallSiegeEvent: Devastated Castle time - 17:00 23.11.2024
[21:00:50]  INFO ClanHallTeamBattleEvent: Bandit Stronghold time - 21:00 23.11.2024
[21:00:50]  INFO ClanHallAuctionEvent: The Golden Chamber time - 12:00 16.11.2024
[21:00:50]  INFO ClanHallAuctionEvent: The Silver Chamber time - 12:00 16.11.2024
[21:00:50]  INFO ClanHallAuctionEvent: The Mithril Chamber time - 12:00 16.11.2024
[21:00:50]  INFO ClanHallAuctionEvent: Silver Manor time - 12:00 16.11.2024
[21:00:50]  INFO ClanHallAuctionEvent: Gold Manor time - 12:00 16.11.2024
[21:00:50]  INFO ClanHallAuctionEvent: The Bronze Chamber time - 12:00 16.11.2024
[21:00:50]  INFO ClanHallAuctionEvent: The Golden Chamber time - 12:00 16.11.2024
[21:00:50]  INFO ClanHallAuctionEvent: The Silver Chamber time - 12:00 16.11.2024
[21:00:50]  INFO ClanHallAuctionEvent: The Mithril Chamber time - 12:00 16.11.2024
[21:00:50]  INFO ClanHallAuctionEvent: The Bronze Chamber time - 12:00 16.11.2024
[21:00:50]  INFO ClanHallAuctionEvent: Silver Manor time - 12:00 16.11.2024
[21:00:50]  INFO ClanHallAuctionEvent: Moonstone Hall time - 12:00 16.11.2024
[21:00:50]  INFO ClanHallAuctionEvent: Onyx Hall time - 12:00 16.11.2024
[21:00:50]  INFO ClanHallAuctionEvent: Emerald Hall time - 12:00 16.11.2024
[21:00:50]  INFO ClanHallAuctionEvent: Sapphire Hall time - 12:00 16.11.2024
[21:00:50]  INFO ClanHallAuctionEvent: Mont Chamber time - 12:00 16.11.2024
[21:00:50]  INFO ClanHallAuctionEvent: Astaire Chamber time - 12:00 16.11.2024
[21:00:50]  INFO ClanHallAuctionEvent: Aria Chamber time - 12:00 16.11.2024
[21:00:50]  INFO ClanHallAuctionEvent: Yiana Chamber time - 12:00 16.11.2024
[21:00:50]  INFO ClanHallAuctionEvent: Roien Chamber time - 12:00 16.11.2024
[21:00:50]  INFO ClanHallAuctionEvent: Luna Chamber time - 12:00 16.11.2024
[21:00:50]  INFO ClanHallAuctionEvent: Traban Chamber time - 12:00 16.11.2024
[21:00:50]  INFO ClanHallAuctionEvent: Eisen Hall time - 12:00 16.11.2024
[21:00:50]  INFO ClanHallAuctionEvent: Heavy Metal Hall time - 12:00 16.11.2024
[21:00:50]  INFO ClanHallAuctionEvent: Molten Ore Hall time - 12:00 16.11.2024
[21:00:50]  INFO ClanHallAuctionEvent: Titan Hall time - 12:00 16.11.2024
[21:00:50]  INFO ClanHallMiniGameEvent: Rainbow Springs time - 21:00 23.11.2024
[21:00:50]  INFO ClanHallTeamBattleEvent: Wild Beast Reserve time - 20:00 23.11.2024
[21:00:50]  INFO ClanHallSiegeEvent: Fortress of Dead time - 17:00 23.11.2024
[21:00:50]  INFO DominionSiegeEvent: Gludio Dominion time - undefined
[21:00:50]  INFO DominionSiegeEvent: Dion Dominion time - undefined
[21:00:50]  INFO DominionSiegeEvent: Giran Dominion time - 20:00 23.11.2024
[21:00:50]  INFO DominionSiegeEvent: Oren Dominion time - undefined
[21:00:50]  INFO DominionSiegeEvent: Aden Dominion time - undefined
[21:00:50]  INFO DominionSiegeEvent: Innadril Dominion time - undefined
[21:00:50]  INFO DominionSiegeEvent: Goddard Dominion time - undefined
[21:00:50]  INFO DominionSiegeEvent: Rune Dominion time - undefined
[21:00:50]  INFO DominionSiegeEvent: Schuttgart Dominion time - undefined
[21:00:50]  INFO FortressSiegeEvent: Shanty Fortress time - undefined
[21:00:50]  INFO FortressSiegeEvent: Southern Fortress time - undefined
[21:00:51]  INFO FortressSiegeEvent: Hive Fortress time - undefined
[21:00:51]  INFO FortressSiegeEvent: Valley Fortress time - undefined
[21:00:51]  INFO FortressSiegeEvent: Ivory Fortress time - undefined
[21:00:51]  INFO FortressSiegeEvent: Narsell Fortress time - undefined
[21:00:51]  INFO FortressSiegeEvent: Bayou Fortress time - undefined
[21:00:51]  INFO FortressSiegeEvent: White Sands Fortress time - undefined
[21:00:51]  INFO FortressSiegeEvent: Borderland Fortress time - undefined
[21:00:51]  INFO FortressSiegeEvent: Swamp Fortress time - undefined
[21:00:51]  INFO FortressSiegeEvent: Archaic Fortress time - undefined
[21:00:51]  INFO FortressSiegeEvent: Floran Fortress time - undefined
[21:00:51]  INFO FortressSiegeEvent: Cloud Mountain Fortress time - undefined
[21:00:51]  INFO FortressSiegeEvent: Tanor Fortress time - undefined
[21:00:51]  INFO FortressSiegeEvent: Dragonspine Fortress time - undefined
[21:00:51]  INFO FortressSiegeEvent: Antharas Fortress time - undefined
[21:00:51]  INFO FortressSiegeEvent: Western Fortress time - undefined
[21:00:51]  INFO FortressSiegeEvent: Hunter's Fortress time - undefined
[21:00:51]  INFO FortressSiegeEvent: Aaru Fortress time - undefined
[21:00:51]  INFO FortressSiegeEvent: Demon Fortress time - undefined
[21:00:51]  INFO FortressSiegeEvent: Monastic Fortress time - undefined
[21:00:51]  INFO KrateisCubeEvent: Krateis Cube 70-75 Level time - 21:00 21.11.2024
[21:00:51]  INFO KrateisCubeEvent: Krateis Cube 76-79 Level time - 21:00 21.11.2024
[21:00:51]  INFO KrateisCubeEvent: Krateis Cube 80-85 Level time - 21:00 21.11.2024
[21:00:51]  INFO LastManStandingEvent: Last Hero time - undefined
[21:00:51]  INFO TeamVSTeamEvent: Team VS Team time - undefined
[21:00:51]  INFO LuckyCreaturesEvent: Lucky Creatures time - undefined
[21:00:51]  INFO CaptureTheFlagEvent: Capture The Flag time - undefined
[21:00:51]  INFO FFATreasureHuntEvent: Treasure Hunt time - undefined
[21:00:51]  INFO KoreanStyleEvent: Korean Style time - undefined
[21:00:51]  INFO ProtectTheKingEvent: Protect The King time - undefined
[21:00:51]  INFO FightForThroneEvent: Fight For Throne time - undefined
[21:00:51]  INFO DeathMatchEvent: Death Match time - undefined
[21:00:51]  INFO RussianRouletteEvent: Russian Roulette time - undefined
[21:00:51]  INFO Manor System: Initializing...
[21:00:51]  INFO ==============================================================================
[21:00:51]  INFO -------------------------------------------------------------=[ Auto Cleaner ]
[21:00:51]  INFO IdFactory: Free ObjectID's remaining: 1879004509
[21:00:51]  INFO ==============================================================================
[21:00:51]  INFO Initializing CoupleManager
[21:00:51]  INFO Loaded: 0 couples(s)
[21:00:51]  INFO ----------------------------------------------------------------=[ Hellbound ]
[21:00:51]  INFO HellboundManager: Loaded 335 spawn entries.
[21:00:51]  INFO HellboundManager: Spawned 623 mobs and NPCs according to the current Hellbound stage
[21:00:51]  INFO Hellbound Manager: Loaded
[21:00:51]  INFO Naia Core Manager: Loaded
[21:00:51]  INFO ==============================================================================
[21:00:51]  INFO Seed of Destruction Manager: Loaded
[21:00:51]  INFO Seed of Infinity Manager: Loaded. Current stage is: 1
[21:00:51]  INFO SpawnManager: spawned 4 npc; spawns: 4; group: soi_world_mouths
[21:00:51]  INFO SpawnManager: spawned 1 npc; spawns: 1; group: soi_world_abyssgaze2
[21:00:51]  INFO Blood Altar Manager: Initializing...
[21:00:51]  INFO SpawnManager: spawned 51 npc; spawns: 51; group: bloodaltar_alive_npc
Exception in thread "main" java.lang.NullPointerException: Cannot invoke "net.sf.ehcache.Cache.get(java.io.Serializable)" because "this.cache" is null
	at l2minius.gameserver.dao.ItemsDAO.load(ItemsDAO.java:265)
	at l2minius.gameserver.dao.ItemsDAO.load(ItemsDAO.java:307)
	at l2minius.gameserver.dao.ItemsDAO.getItemsByLocation(ItemsDAO.java:509)
	at l2minius.gameserver.model.items.AuctionStorage.restore(AuctionStorage.java:154)
	at l2minius.gameserver.model.items.AuctionStorage.<init>(AuctionStorage.java:20)
	at l2minius.gameserver.model.items.AuctionStorage.getInstance(AuctionStorage.java:171)
	at l2minius.gameserver.model.entity.auction.AuctionManager.loadAuctions(AuctionManager.java:100)
	at l2minius.gameserver.model.entity.auction.AuctionManager.<init>(AuctionManager.java:55)
	at l2minius.gameserver.model.entity.auction.AuctionManager.getInstance(AuctionManager.java:888)
	at l2minius.gameserver.GameServer.<init>(GameServer.java:434)
	at l2minius.gameserver.GameServer.main(GameServer.java:660)
